This is pdfTeX, Version 3.14159265-2.6-1.40.16 (MiKTeX 2.9 64-bit) (preloaded format=pdflatex 2016.1.28)  11 FEB 2016 11:51
entering extended mode
**C:/Users/Ville/Downloads/SCI3027_kand_latex-pohja_tutkimussuunitelmalle_ja_ka
ndityolle/TIK_kand_latex-pohja_kandityolle_ja_tutkimussuunnitelmalle/luku_tekno
logiat.tex

(C:/Users/Ville/Downloads/SCI3027_kand_latex-pohja_tutkimussuunitelmalle_ja_kan
dityolle/TIK_kand_latex-pohja_kandityolle_ja_tutkimussuunnitelmalle/luku_teknol
ogiat.tex
LaTeX2e <2015/10/01> patch level 2
Babel <3.9n> and hyphenation patterns for 69 languages loaded.
! Undefined control sequence.
l.1 \section
            {Sisätilapaikannuksen teknologiat}
? 
! Emergency stop.
l.1 \section
            {Sisätilapaikannuksen teknologiat}
End of file on the terminal!

 
Here is how much of TeX's memory you used:
 7 strings out of 493634
 570 string characters out of 3135239
 52604 words of memory out of 3000000
 3491 multiletter control sequences out of 15000+200000
 3640 words of font info for 14 fonts, out of 3000000 for 9000
 1025 hyphenation exceptions out of 8191
 5i,0n,1p,213b,8s stack positions out of 5000i,500n,10000p,200000b,50000s
!  ==> Fatal error occurred, no output PDF file produced!
