This is pdfTeX, Version 3.14159265-2.6-1.40.16 (MiKTeX 2.9 64-bit) (preloaded format=pdflatex 2016.1.28)  11 FEB 2016 11:26
entering extended mode
**C:/Users/Ville/Downloads/SCI3027_kand_latex-pohja_tutkimussuunitelmalle_ja_ka
ndityolle/TIK_kand_latex-pohja_kandityolle_ja_tutkimussuunnitelmalle/luku_abstr
aktit.tex

(C:/Users/Ville/Downloads/SCI3027_kand_latex-pohja_tutkimussuunitelmalle_ja_kan
dityolle/TIK_kand_latex-pohja_kandityolle_ja_tutkimussuunnitelmalle/luku_abstra
ktit.tex
LaTeX2e <2015/10/01> patch level 2
Babel <3.9n> and hyphenation patterns for 69 languages loaded.

! LaTeX Error: Environment fiabstract undefined.

See the LaTeX manual or LaTeX Companion for explanation.
Type  H <return>  for immediate help.
 ...                                              
                                                  
l.8 \begin{fiabstract}
                      
? 
! Emergency stop.
 ...                                              
                                                  
l.8 \begin{fiabstract}
                      
Your command was ignored.
Type  I <command> <return>  to replace it with another command,
or  <return>  to continue without it.

 
Here is how much of TeX's memory you used:
 9 strings out of 493634
 716 string characters out of 3135239
 52604 words of memory out of 3000000
 3492 multiletter control sequences out of 15000+200000
 3640 words of font info for 14 fonts, out of 3000000 for 9000
 1025 hyphenation exceptions out of 8191
 5i,0n,4p,244b,16s stack positions out of 5000i,500n,10000p,200000b,50000s
!  ==> Fatal error occurred, no output PDF file produced!
